Analysis & Elaboration report for Lab1Demo
Mon Aug 21 12:26:37 2023
Quartus Prime Version 17.0.0 Build 595 04/25/2017 SJ Lite Edition


---------------------
; Table of Contents ;
---------------------
  1. Legal Notice
  2. Analysis & Elaboration Summary
  3. Parallel Compilation
  4. Analysis & Elaboration IP Cores Summary
  5. Analysis & Elaboration Settings
  6. Analysis & Elaboration Messages
  7. Analysis & Elaboration Suppressed Messages



----------------
; Legal Notice ;
----------------
Copyright (C) 2017  Intel Corporation. All rights reserved.
Your use of Intel Corporation's design tools, logic functions 
and other software and tools, and its AMPP partner logic 
functions, and any output files from any of the foregoing 
(including device programming or simulation files), and any 
associated documentation or information are expressly subject 
to the terms and conditions of the Intel Program License 
Subscription Agreement, the Intel Quartus Prime License Agreement,
the Intel MegaCore Function License Agreement, or other 
applicable license agreement, including, without limitation, 
that your use is for the sole purpose of programming logic 
devices manufactured by Intel and sold by Intel or its 
authorized distributors.  Please refer to the applicable 
agreement for further details.



+-----------------------------------------------------------------------------+
; Analysis & Elaboration Summary                                              ;
+-------------------------------+---------------------------------------------+
; Analysis & Elaboration Status ; Failed - Mon Aug 21 12:26:37 2023           ;
; Quartus Prime Version         ; 17.0.0 Build 595 04/25/2017 SJ Lite Edition ;
; Revision Name                 ; Lab1Demo                                    ;
; Top-level Entity Name         ; TOP                                         ;
; Family                        ; Cyclone V                                   ;
; Logic utilization (in ALMs)   ; N/A until Partition Merge                   ;
; Total registers               ; N/A until Partition Merge                   ;
; Total pins                    ; N/A until Partition Merge                   ;
; Total virtual pins            ; N/A until Partition Merge                   ;
; Total block memory bits       ; N/A until Partition Merge                   ;
; Total PLLs                    ; N/A until Partition Merge                   ;
; Total DLLs                    ; N/A until Partition Merge                   ;
+-------------------------------+---------------------------------------------+


+------------------------------------------+
; Parallel Compilation                     ;
+----------------------------+-------------+
; Processors                 ; Number      ;
+----------------------------+-------------+
; Number detected on machine ; 8           ;
; Maximum allowed            ; 4           ;
;                            ;             ;
; Average used               ; 1.00        ;
; Maximum used               ; 1           ;
;                            ;             ;
; Usage by Processor         ; % Time Used ;
;     Processor 1            ; 100.0%      ;
+----------------------------+-------------+


+-----------------------------------------------------------------------------------------------------------------+
; Analysis & Elaboration IP Cores Summary                                                                         ;
+--------+--------------+---------+--------------+--------------+-----------------------------+-------------------+
; Vendor ; IP Core Name ; Version ; Release Date ; License Type ; Entity Instance             ; IP Include File   ;
+--------+--------------+---------+--------------+--------------+-----------------------------+-------------------+
; Altera ; altera_pll   ; 20.1    ; N/A          ; N/A          ; |TOP|CLK_31P5:inst7         ; CLK_31P5.v        ;
; Altera ; LPM_CONSTANT ; 17.0    ; N/A          ; N/A          ; |TOP|Number_position:inst14 ; Number_position.v ;
+--------+--------------+---------+--------------+--------------+-----------------------------+-------------------+


+---------------------------------------------------------------------------------------------------------------------------+
; Analysis & Elaboration Settings                                                                                           ;
+---------------------------------------------------------------------------------+--------------------+--------------------+
; Option                                                                          ; Setting            ; Default Value      ;
+---------------------------------------------------------------------------------+--------------------+--------------------+
; Device                                                                          ; 5CSXFC6D6F31C6     ;                    ;
; Top-level entity name                                                           ; TOP                ; Lab1Demo           ;
; Family name                                                                     ; Cyclone V          ; Cyclone V          ;
; Use smart compilation                                                           ; On                 ; Off                ;
; Maximum processors allowed for parallel compilation                             ; All                ;                    ;
; Enable parallel Assembler and TimeQuest Timing Analyzer during compilation      ; On                 ; On                 ;
; Enable compact report table                                                     ; Off                ; Off                ;
; Restructure Multiplexers                                                        ; Auto               ; Auto               ;
; MLAB Add Timing Constraints For Mixed-Port Feed-Through Mode Setting Don't Care ; Off                ; Off                ;
; Create Debugging Nodes for IP Cores                                             ; Off                ; Off                ;
; Preserve fewer node names                                                       ; On                 ; On                 ;
; OpenCore Plus hardware evaluation                                               ; Enable             ; Enable             ;
; Verilog Version                                                                 ; Verilog_2001       ; Verilog_2001       ;
; VHDL Version                                                                    ; VHDL_1993          ; VHDL_1993          ;
; State Machine Processing                                                        ; Auto               ; Auto               ;
; Safe State Machine                                                              ; Off                ; Off                ;
; Extract Verilog State Machines                                                  ; On                 ; On                 ;
; Extract VHDL State Machines                                                     ; On                 ; On                 ;
; Ignore Verilog initial constructs                                               ; Off                ; Off                ;
; Iteration limit for constant Verilog loops                                      ; 5000               ; 5000               ;
; Iteration limit for non-constant Verilog loops                                  ; 250                ; 250                ;
; Add Pass-Through Logic to Inferred RAMs                                         ; On                 ; On                 ;
; Infer RAMs from Raw Logic                                                       ; On                 ; On                 ;
; Parallel Synthesis                                                              ; On                 ; On                 ;
; DSP Block Balancing                                                             ; Auto               ; Auto               ;
; NOT Gate Push-Back                                                              ; On                 ; On                 ;
; Power-Up Don't Care                                                             ; On                 ; On                 ;
; Remove Redundant Logic Cells                                                    ; Off                ; Off                ;
; Remove Duplicate Registers                                                      ; On                 ; On                 ;
; Ignore CARRY Buffers                                                            ; Off                ; Off                ;
; Ignore CASCADE Buffers                                                          ; Off                ; Off                ;
; Ignore GLOBAL Buffers                                                           ; Off                ; Off                ;
; Ignore ROW GLOBAL Buffers                                                       ; Off                ; Off                ;
; Ignore LCELL Buffers                                                            ; Off                ; Off                ;
; Ignore SOFT Buffers                                                             ; On                 ; On                 ;
; Limit AHDL Integers to 32 Bits                                                  ; Off                ; Off                ;
; Optimization Technique                                                          ; Balanced           ; Balanced           ;
; Carry Chain Length                                                              ; 70                 ; 70                 ;
; Auto Carry Chains                                                               ; On                 ; On                 ;
; Auto Open-Drain Pins                                                            ; On                 ; On                 ;
; Perform WYSIWYG Primitive Resynthesis                                           ; Off                ; Off                ;
; Auto ROM Replacement                                                            ; On                 ; On                 ;
; Auto RAM Replacement                                                            ; On                 ; On                 ;
; Auto DSP Block Replacement                                                      ; On                 ; On                 ;
; Auto Shift Register Replacement                                                 ; Auto               ; Auto               ;
; Allow Shift Register Merging across Hierarchies                                 ; Auto               ; Auto               ;
; Auto Clock Enable Replacement                                                   ; On                 ; On                 ;
; Strict RAM Replacement                                                          ; Off                ; Off                ;
; Allow Synchronous Control Signals                                               ; On                 ; On                 ;
; Force Use of Synchronous Clear Signals                                          ; Off                ; Off                ;
; Auto Resource Sharing                                                           ; Off                ; Off                ;
; Allow Any RAM Size For Recognition                                              ; Off                ; Off                ;
; Allow Any ROM Size For Recognition                                              ; Off                ; Off                ;
; Allow Any Shift Register Size For Recognition                                   ; Off                ; Off                ;
; Use LogicLock Constraints during Resource Balancing                             ; On                 ; On                 ;
; Ignore translate_off and synthesis_off directives                               ; Off                ; Off                ;
; Timing-Driven Synthesis                                                         ; On                 ; On                 ;
; Report Parameter Settings                                                       ; On                 ; On                 ;
; Report Source Assignments                                                       ; On                 ; On                 ;
; Report Connectivity Checks                                                      ; On                 ; On                 ;
; Ignore Maximum Fan-Out Assignments                                              ; Off                ; Off                ;
; Synchronization Register Chain Length                                           ; 3                  ; 3                  ;
; PowerPlay Power Optimization During Synthesis                                   ; Normal compilation ; Normal compilation ;
; HDL message level                                                               ; Level2             ; Level2             ;
; Suppress Register Optimization Related Messages                                 ; Off                ; Off                ;
; Number of Removed Registers Reported in Synthesis Report                        ; 5000               ; 5000               ;
; Number of Swept Nodes Reported in Synthesis Report                              ; 5000               ; 5000               ;
; Number of Inverted Registers Reported in Synthesis Report                       ; 100                ; 100                ;
; Clock MUX Protection                                                            ; On                 ; On                 ;
; Auto Gated Clock Conversion                                                     ; Off                ; Off                ;
; Block Design Naming                                                             ; Auto               ; Auto               ;
; SDC constraint protection                                                       ; Off                ; Off                ;
; Synthesis Effort                                                                ; Auto               ; Auto               ;
; Shift Register Replacement - Allow Asynchronous Clear Signal                    ; On                 ; On                 ;
; Pre-Mapping Resynthesis Optimization                                            ; Off                ; Off                ;
; Analysis & Synthesis Message Level                                              ; Medium             ; Medium             ;
; Disable Register Merging Across Hierarchies                                     ; Auto               ; Auto               ;
; Resource Aware Inference For Block RAM                                          ; On                 ; On                 ;
; Automatic Parallel Synthesis                                                    ; On                 ; On                 ;
; Partial Reconfiguration Bitstream ID                                            ; Off                ; Off                ;
+---------------------------------------------------------------------------------+--------------------+--------------------+


+---------------------------------+
; Analysis & Elaboration Messages ;
+---------------------------------+
Info: *******************************************************************
Info: Running Quartus Prime Analysis & Elaboration
    Info: Version 17.0.0 Build 595 04/25/2017 SJ Lite Edition
    Info: Processing started: Mon Aug 21 12:26:20 2023
Info: Command: quartus_map --read_settings_files=on --write_settings_files=off Lab1Demo -c Lab1Demo --analysis_and_elaboration
Warning (125092): Tcl Script File RTL/VGA/valX.qip not found
    Info (125063): set_global_assignment -name QIP_FILE RTL/VGA/valX.qip
Info (20030): Parallel compilation is enabled and will use 4 of the 4 processors detected
Info (12021): Found 1 design units, including 1 entities, in source file rtl/vga/game_controller.sv
    Info (12023): Found entity 1: game_controller File: Z:/project/src/RTL/VGA/game_controller.sv Line: 7
Info (12021): Found 1 design units, including 1 entities, in source file rtl/vga/smiley_block_t.bdf
    Info (12023): Found entity 1: Smiley_Block_T
Info (12021): Found 1 design units, including 1 entities, in source file rtl/vga/smileybitmap.sv
    Info (12023): Found entity 1: smileyBitMap File: Z:/project/src/RTL/VGA/smileyBitMap.sv Line: 7
Info (12021): Found 1 design units, including 1 entities, in source file rtl/vga/square_object.sv
    Info (12023): Found entity 1: square_object File: Z:/project/src/RTL/VGA/square_object.sv Line: 8
Info (12021): Found 1 design units, including 1 entities, in source file rtl/vga/back_ground_draw.sv
    Info (12023): Found entity 1: back_ground_draw File: Z:/project/src/RTL/VGA/back_ground_draw.sv Line: 5
Info (12021): Found 1 design units, including 1 entities, in source file rtl/vga/smiley_move.sv
    Info (12023): Found entity 1: smiley_move File: Z:/project/src/RTL/VGA/smiley_move.sv Line: 10
Info (12021): Found 1 design units, including 1 entities, in source file rtl/vga/objects_mux.sv
    Info (12023): Found entity 1: objects_mux File: Z:/project/src/RTL/VGA/objects_mux.sv Line: 10
Info (12021): Found 1 design units, including 1 entities, in source file rtl/vga/vga_controller.sv
    Info (12023): Found entity 1: VGA_Controller File: Z:/project/src/RTL/VGA/VGA_Controller.sv Line: 11
Info (12021): Found 1 design units, including 1 entities, in source file rtl/vga/numbersbitmap.sv
    Info (12023): Found entity 1: NumbersBitMap File: Z:/project/src/RTL/VGA/NumbersBitMap.sv Line: 8
Info (12021): Found 1 design units, including 1 entities, in source file rtl/keyboardx/top_kbd.bdf
    Info (12023): Found entity 1: TOP_KBD
Info (12021): Found 1 design units, including 1 entities, in source file rtl/keyboardx/lpf.sv
    Info (12023): Found entity 1: lpf File: Z:/project/src/RTL/KEYBOARDX/lpf.sv Line: 5
Info (12021): Found 1 design units, including 1 entities, in source file rtl/keyboardx/keypad_decoder.sv
    Info (12023): Found entity 1: keyPad_decoder File: Z:/project/src/RTL/KEYBOARDX/keyPad_decoder.sv Line: 5
Info (12021): Found 1 design units, including 1 entities, in source file rtl/keyboardx/kbdintf.bdf
    Info (12023): Found entity 1: KBDINTF
Info (12021): Found 1 design units, including 1 entities, in source file rtl/keyboardx/byterec.sv
    Info (12023): Found entity 1: byterec File: Z:/project/src/RTL/KEYBOARDX/byterec.sv Line: 4
Info (12021): Found 1 design units, including 1 entities, in source file rtl/keyboardx/bitrec.sv
    Info (12023): Found entity 1: bitrec File: Z:/project/src/RTL/KEYBOARDX/bitrec.sv Line: 4
Info (12021): Found 1 design units, including 1 entities, in source file rtl/keyboardx/simple_up_counter.sv
    Info (12023): Found entity 1: simple_up_counter File: Z:/project/src/RTL/KEYBOARDX/simple_up_counter.sv Line: 6
Info (12021): Found 1 design units, including 1 entities, in source file rtl/keyboardx/random.sv
    Info (12023): Found entity 1: random File: Z:/project/src/RTL/KEYBOARDX/random.sv Line: 2
Info (12021): Found 1 design units, including 1 entities, in source file rtl/seg7/seg7.sv
    Info (12023): Found entity 1: SEG7 File: Z:/project/src/RTL/Seg7/SEG7.SV Line: 4
Info (12021): Found 1 design units, including 1 entities, in source file rtl/audio/top_audio.bdf
    Info (12023): Found entity 1: TOP_AUDIO
Info (12021): Found 1 design units, including 1 entities, in source file rtl/audio/sintable.sv
    Info (12023): Found entity 1: sintable File: Z:/project/src/RTL/AUDIO/SinTable.sv Line: 8
Info (12021): Found 1 design units, including 1 entities, in source file rtl/audio/addr_counter.sv
    Info (12023): Found entity 1: addr_counter File: Z:/project/src/RTL/AUDIO/addr_counter.sv Line: 4
Info (12021): Found 1 design units, including 1 entities, in source file rtl/audio/prescaler.sv
    Info (12023): Found entity 1: prescaler File: Z:/project/src/RTL/AUDIO/prescaler.sv Line: 12
Info (12021): Found 1 design units, including 1 entities, in source file rtl/audio/tonedecoder.sv
    Info (12023): Found entity 1: ToneDecoder File: Z:/project/src/RTL/AUDIO/ToneDecoder.sv Line: 7
Info (12021): Found 1 design units, including 1 entities, in source file rtl/audio/audio.bdf
    Info (12023): Found entity 1: AUDIO
Info (12021): Found 1 design units, including 1 entities, in source file rtl/audio/audio_codec_controller/i2c.sv
    Info (12023): Found entity 1: i2c File: Z:/project/src/RTL/AUDIO/audio_codec_controller/i2c.sv Line: 44
Info (12021): Found 1 design units, including 1 entities, in source file rtl/audio/audio_codec_controller/dualserial2parallel.sv
    Info (12023): Found entity 1: DualSerial2parallel File: Z:/project/src/RTL/AUDIO/audio_codec_controller/DualSerial2parallel.sv Line: 1
Info (12021): Found 1 design units, including 1 entities, in source file rtl/audio/audio_codec_controller/clock_500.sv
    Info (12023): Found entity 1: CLOCK_500 File: Z:/project/src/RTL/AUDIO/audio_codec_controller/clock_500.sv Line: 49
Warning (10275): Verilog HDL Module Instantiation warning at audio_codec_controller.sv(67): ignored dangling comma in List of Port Connections File: Z:/project/src/RTL/AUDIO/audio_codec_controller/audio_codec_controller.sv Line: 67
Info (12021): Found 1 design units, including 1 entities, in source file rtl/audio/audio_codec_controller/audio_codec_controller.sv
    Info (12023): Found entity 1: audio_codec_controller File: Z:/project/src/RTL/AUDIO/audio_codec_controller/audio_codec_controller.sv Line: 11
Info (12021): Found 1 design units, including 1 entities, in source file number_position.v
    Info (12023): Found entity 1: Number_position File: Z:/project/src/Number_position.v Line: 40
Info (12021): Found 1 design units, including 1 entities, in source file clk_31p5.v
    Info (12023): Found entity 1: CLK_31P5 File: Z:/project/src/CLK_31P5.v Line: 8
Info (12021): Found 1 design units, including 1 entities, in source file clk_31p5/clk_31p5_0002.v
    Info (12023): Found entity 1: CLK_31P5_0002 File: Z:/project/src/CLK_31P5/CLK_31P5_0002.v Line: 2
Info (12021): Found 1 design units, including 1 entities, in source file rtl/top.bdf
    Info (12023): Found entity 1: TOP
Warning (10236): Verilog HDL Implicit Net warning at game_controller.sv(27): created implicit net for "collision_smiley_number" File: Z:/project/src/RTL/VGA/game_controller.sv Line: 27
Warning (10236): Verilog HDL Implicit Net warning at byterec.sv(35): created implicit net for "nor_code" File: Z:/project/src/RTL/KEYBOARDX/byterec.sv Line: 35
Warning (10236): Verilog HDL Implicit Net warning at byterec.sv(36): created implicit net for "ext_code" File: Z:/project/src/RTL/KEYBOARDX/byterec.sv Line: 36
Warning (10236): Verilog HDL Implicit Net warning at byterec.sv(37): created implicit net for "rel_code" File: Z:/project/src/RTL/KEYBOARDX/byterec.sv Line: 37
Warning (10236): Verilog HDL Implicit Net warning at audio_codec_controller.sv(61): created implicit net for "CLOCK_500_ena" File: Z:/project/src/RTL/AUDIO/audio_codec_controller/audio_codec_controller.sv Line: 61
Warning (10236): Verilog HDL Implicit Net warning at audio_codec_controller.sv(63): created implicit net for "CLOCK_SDAT_ena" File: Z:/project/src/RTL/AUDIO/audio_codec_controller/audio_codec_controller.sv Line: 63
Info (12127): Elaborating entity "TOP" for the top level hierarchy
Warning (275006): Can't find a definition for parameter LPM_FILE -- assuming RTL/VGA_BG.mif was intended to be a quoted string
Warning (275004): Undeclared parameter ON
Warning (275006): Can't find a definition for parameter AUTO_CARRY_CHAINS -- assuming ON was intended to be a quoted string
Warning (275004): Undeclared parameter ON
Warning (275006): Can't find a definition for parameter AUTO_CASCADE_CHAINS -- assuming ON was intended to be a quoted string
Warning (275004): Undeclared parameter OFF
Warning (275006): Can't find a definition for parameter IGNORE_CARRY_BUFFERS -- assuming OFF was intended to be a quoted string
Warning (275004): Undeclared parameter OFF
Warning (275006): Can't find a definition for parameter IGNORE_CASCADE_BUFFERS -- assuming OFF was intended to be a quoted string
Info (12128): Elaborating entity "back_ground_draw" for hierarchy "back_ground_draw:inst4"
Warning (10036): Verilog HDL or VHDL warning at back_ground_draw.sv(19): object "COLOR_MARTIX_SIZE" assigned a value but never read File: Z:/project/src/RTL/VGA/back_ground_draw.sv Line: 19
Warning (10230): Verilog HDL assignment warning at back_ground_draw.sv(57): truncated value with size 3 to match size of target (2) File: Z:/project/src/RTL/VGA/back_ground_draw.sv Line: 57
Warning (10230): Verilog HDL assignment warning at back_ground_draw.sv(74): truncated value with size 3 to match size of target (2) File: Z:/project/src/RTL/VGA/back_ground_draw.sv Line: 74
Warning (10230): Verilog HDL assignment warning at back_ground_draw.sv(85): truncated value with size 32 to match size of target (11) File: Z:/project/src/RTL/VGA/back_ground_draw.sv Line: 85
Info (12128): Elaborating entity "CLK_31P5" for hierarchy "CLK_31P5:inst7"
Info (12128): Elaborating entity "CLK_31P5_0002" for hierarchy "CLK_31P5:inst7|CLK_31P5_0002:clk_31p5_inst" File: Z:/project/src/CLK_31P5.v Line: 20
Info (12128): Elaborating entity "altera_pll" for hierarchy "CLK_31P5:inst7|CLK_31P5_0002:clk_31p5_inst|altera_pll:altera_pll_i" File: Z:/project/src/CLK_31P5/CLK_31P5_0002.v Line: 85
Info (10008): Verilog HDL or VHDL information: EDA Netlist Writer cannot regroup multidimensional array "wire_to_nowhere_64" into its bus
Info (12130): Elaborated megafunction instantiation "CLK_31P5:inst7|CLK_31P5_0002:clk_31p5_inst|altera_pll:altera_pll_i" File: Z:/project/src/CLK_31P5/CLK_31P5_0002.v Line: 85
Info (12133): Instantiated megafunction "CLK_31P5:inst7|CLK_31P5_0002:clk_31p5_inst|altera_pll:altera_pll_i" with the following parameter: File: Z:/project/src/CLK_31P5/CLK_31P5_0002.v Line: 85
    Info (12134): Parameter "fractional_vco_multiplier" = "false"
    Info (12134): Parameter "reference_clock_frequency" = "50.0 MHz"
    Info (12134): Parameter "operation_mode" = "direct"
    Info (12134): Parameter "number_of_clocks" = "1"
    Info (12134): Parameter "output_clock_frequency0" = "31.500000 MHz"
    Info (12134): Parameter "phase_shift0" = "0 ps"
    Info (12134): Parameter "duty_cycle0" = "50"
    Info (12134): Parameter "output_clock_frequency1" = "0 MHz"
    Info (12134): Parameter "phase_shift1" = "0 ps"
    Info (12134): Parameter "duty_cycle1" = "50"
    Info (12134): Parameter "output_clock_frequency2" = "0 MHz"
    Info (12134): Parameter "phase_shift2" = "0 ps"
    Info (12134): Parameter "duty_cycle2" = "50"
    Info (12134): Parameter "output_clock_frequency3" = "0 MHz"
    Info (12134): Parameter "phase_shift3" = "0 ps"
    Info (12134): Parameter "duty_cycle3" = "50"
    Info (12134): Parameter "output_clock_frequency4" = "0 MHz"
    Info (12134): Parameter "phase_shift4" = "0 ps"
    Info (12134): Parameter "duty_cycle4" = "50"
    Info (12134): Parameter "output_clock_frequency5" = "0 MHz"
    Info (12134): Parameter "phase_shift5" = "0 ps"
    Info (12134): Parameter "duty_cycle5" = "50"
    Info (12134): Parameter "output_clock_frequency6" = "0 MHz"
    Info (12134): Parameter "phase_shift6" = "0 ps"
    Info (12134): Parameter "duty_cycle6" = "50"
    Info (12134): Parameter "output_clock_frequency7" = "0 MHz"
    Info (12134): Parameter "phase_shift7" = "0 ps"
    Info (12134): Parameter "duty_cycle7" = "50"
    Info (12134): Parameter "output_clock_frequency8" = "0 MHz"
    Info (12134): Parameter "phase_shift8" = "0 ps"
    Info (12134): Parameter "duty_cycle8" = "50"
    Info (12134): Parameter "output_clock_frequency9" = "0 MHz"
    Info (12134): Parameter "phase_shift9" = "0 ps"
    Info (12134): Parameter "duty_cycle9" = "50"
    Info (12134): Parameter "output_clock_frequency10" = "0 MHz"
    Info (12134): Parameter "phase_shift10" = "0 ps"
    Info (12134): Parameter "duty_cycle10" = "50"
    Info (12134): Parameter "output_clock_frequency11" = "0 MHz"
    Info (12134): Parameter "phase_shift11" = "0 ps"
    Info (12134): Parameter "duty_cycle11" = "50"
    Info (12134): Parameter "output_clock_frequency12" = "0 MHz"
    Info (12134): Parameter "phase_shift12" = "0 ps"
    Info (12134): Parameter "duty_cycle12" = "50"
    Info (12134): Parameter "output_clock_frequency13" = "0 MHz"
    Info (12134): Parameter "phase_shift13" = "0 ps"
    Info (12134): Parameter "duty_cycle13" = "50"
    Info (12134): Parameter "output_clock_frequency14" = "0 MHz"
    Info (12134): Parameter "phase_shift14" = "0 ps"
    Info (12134): Parameter "duty_cycle14" = "50"
    Info (12134): Parameter "output_clock_frequency15" = "0 MHz"
    Info (12134): Parameter "phase_shift15" = "0 ps"
    Info (12134): Parameter "duty_cycle15" = "50"
    Info (12134): Parameter "output_clock_frequency16" = "0 MHz"
    Info (12134): Parameter "phase_shift16" = "0 ps"
    Info (12134): Parameter "duty_cycle16" = "50"
    Info (12134): Parameter "output_clock_frequency17" = "0 MHz"
    Info (12134): Parameter "phase_shift17" = "0 ps"
    Info (12134): Parameter "duty_cycle17" = "50"
    Info (12134): Parameter "pll_type" = "General"
    Info (12134): Parameter "pll_subtype" = "General"
Info (12128): Elaborating entity "VGA_Controller" for hierarchy "VGA_Controller:inst"
Warning (10230): Verilog HDL assignment warning at VGA_Controller.sv(61): truncated value with size 32 to match size of target (11) File: Z:/project/src/RTL/VGA/VGA_Controller.sv Line: 61
Warning (10230): Verilog HDL assignment warning at VGA_Controller.sv(62): truncated value with size 32 to match size of target (11) File: Z:/project/src/RTL/VGA/VGA_Controller.sv Line: 62
Warning (10230): Verilog HDL assignment warning at VGA_Controller.sv(64): truncated value with size 32 to match size of target (19) File: Z:/project/src/RTL/VGA/VGA_Controller.sv Line: 64
Warning (10230): Verilog HDL assignment warning at VGA_Controller.sv(74): truncated value with size 11 to match size of target (1) File: Z:/project/src/RTL/VGA/VGA_Controller.sv Line: 74
Info (12128): Elaborating entity "objects_mux" for hierarchy "objects_mux:inst8"
Info (12128): Elaborating entity "Smiley_Block_T" for hierarchy "Smiley_Block_T:inst1"
Info (12128): Elaborating entity "smileyBitMap" for hierarchy "Smiley_Block_T:inst1|smileyBitMap:inst1"
Info (10008): Verilog HDL or VHDL information: EDA Netlist Writer cannot regroup multidimensional array "object_colors" into its bus
Info (10008): Verilog HDL or VHDL information: EDA Netlist Writer cannot regroup multidimensional array "hit_colors" into its bus
Info (12128): Elaborating entity "square_object" for hierarchy "Smiley_Block_T:inst1|square_object:inst6"
Info (12128): Elaborating entity "smiley_move" for hierarchy "Smiley_Block_T:inst1|smiley_move:inst"
Warning (10230): Verilog HDL assignment warning at smiley_move.sv(214): truncated value with size 32 to match size of target (11) File: Z:/project/src/RTL/VGA/smiley_move.sv Line: 214
Warning (10230): Verilog HDL assignment warning at smiley_move.sv(215): truncated value with size 32 to match size of target (11) File: Z:/project/src/RTL/VGA/smiley_move.sv Line: 215
Info (12128): Elaborating entity "TOP_KBD" for hierarchy "TOP_KBD:inst16"
Info (12128): Elaborating entity "keyPad_decoder" for hierarchy "TOP_KBD:inst16|keyPad_decoder:inst2"
Warning (10230): Verilog HDL assignment warning at keyPad_decoder.sv(47): truncated value with size 32 to match size of target (4) File: Z:/project/src/RTL/KEYBOARDX/keyPad_decoder.sv Line: 47
Info (12128): Elaborating entity "KBDINTF" for hierarchy "TOP_KBD:inst16|KBDINTF:inst"
Info (12128): Elaborating entity "byterec" for hierarchy "TOP_KBD:inst16|KBDINTF:inst|byterec:inst3"
Info (12128): Elaborating entity "bitrec" for hierarchy "TOP_KBD:inst16|KBDINTF:inst|bitrec:inst4"
Info (12128): Elaborating entity "lpf" for hierarchy "TOP_KBD:inst16|KBDINTF:inst|lpf:inst5"
Info (12128): Elaborating entity "game_controller" for hierarchy "game_controller:inst2"
Info (12128): Elaborating entity "NumbersBitMap" for hierarchy "NumbersBitMap:inst15"
Info (10008): Verilog HDL or VHDL information: EDA Netlist Writer cannot regroup multidimensional array "number_bitmap" into its bus
Info (12128): Elaborating entity "square_object" for hierarchy "square_object:inst13"
Info (12128): Elaborating entity "Number_position" for hierarchy "Number_position:inst14"
Info (12128): Elaborating entity "lpm_constant" for hierarchy "Number_position:inst14|lpm_constant:LPM_CONSTANT_component" File: Z:/project/src/Number_position.v Line: 49
Info (12130): Elaborated megafunction instantiation "Number_position:inst14|lpm_constant:LPM_CONSTANT_component" File: Z:/project/src/Number_position.v Line: 49
Info (12133): Instantiated megafunction "Number_position:inst14|lpm_constant:LPM_CONSTANT_component" with the following parameter: File: Z:/project/src/Number_position.v Line: 49
    Info (12134): Parameter "lpm_cvalue" = "300"
    Info (12134): Parameter "lpm_hint" = "ENABLE_RUNTIME_MOD=YES, INSTANCE_NAME=Num"
    Info (12134): Parameter "lpm_type" = "LPM_CONSTANT"
    Info (12134): Parameter "lpm_width" = "11"
Info (12021): Found 1 design units, including 1 entities, in source file db/lpm_constant_4i8.tdf
    Info (12023): Found entity 1: lpm_constant_4i8 File: Z:/project/src/db/lpm_constant_4i8.tdf Line: 26
Info (12128): Elaborating entity "lpm_constant_4i8" for hierarchy "Number_position:inst14|lpm_constant:LPM_CONSTANT_component|lpm_constant_4i8:ag" File: c:/intelfpga_lite/17.0/quartus/libraries/megafunctions/lpm_constant.tdf Line: 46
Info (12128): Elaborating entity "sld_mod_ram_rom" for hierarchy "Number_position:inst14|lpm_constant:LPM_CONSTANT_component|lpm_constant_4i8:ag|sld_mod_ram_rom:mgl_prim1" File: Z:/project/src/db/lpm_constant_4i8.tdf Line: 31
Info (12130): Elaborated megafunction instantiation "Number_position:inst14|lpm_constant:LPM_CONSTANT_component|lpm_constant_4i8:ag|sld_mod_ram_rom:mgl_prim1" File: Z:/project/src/db/lpm_constant_4i8.tdf Line: 31
Info (12133): Instantiated megafunction "Number_position:inst14|lpm_constant:LPM_CONSTANT_component|lpm_constant_4i8:ag|sld_mod_ram_rom:mgl_prim1" with the following parameter: File: Z:/project/src/db/lpm_constant_4i8.tdf Line: 31
    Info (12134): Parameter "CVALUE" = "00100101100"
    Info (12134): Parameter "IS_DATA_IN_RAM" = "0"
    Info (12134): Parameter "IS_READABLE" = "0"
    Info (12134): Parameter "NODE_NAME" = "1316318464"
    Info (12134): Parameter "NUMWORDS" = "1"
    Info (12134): Parameter "SHIFT_COUNT_BITS" = "4"
    Info (12134): Parameter "WIDTH_WORD" = "11"
    Info (12134): Parameter "WIDTHAD" = "1"
Info (12128): Elaborating entity "sld_jtag_endpoint_adapter" for hierarchy "Number_position:inst14|lpm_constant:LPM_CONSTANT_component|lpm_constant_4i8:ag|sld_mod_ram_rom:mgl_prim1|sld_jtag_endpoint_adapter:jtag_signal_adapter" File: c:/intelfpga_lite/17.0/quartus/libraries/megafunctions/sld_mod_ram_rom.vhd Line: 302
Info (12128): Elaborating entity "sld_jtag_endpoint_adapter_impl" for hierarchy "Number_position:inst14|lpm_constant:LPM_CONSTANT_component|lpm_constant_4i8:ag|sld_mod_ram_rom:mgl_prim1|sld_jtag_endpoint_adapter:jtag_signal_adapter|sld_jtag_endpoint_adapter_impl:sld_jtag_endpoint_adapter_impl_inst" File: c:/intelfpga_lite/17.0/quartus/libraries/megafunctions/sld_jtag_endpoint_adapter.vhd Line: 232
Info (12128): Elaborating entity "sld_rom_sr" for hierarchy "Number_position:inst14|lpm_constant:LPM_CONSTANT_component|lpm_constant_4i8:ag|sld_mod_ram_rom:mgl_prim1|sld_rom_sr:\constant_logic_gen:name_gen:info_rom_sr" File: c:/intelfpga_lite/17.0/quartus/libraries/megafunctions/sld_mod_ram_rom.vhd Line: 485
Info (12128): Elaborating entity "random" for hierarchy "random:inst17"
Error (10750): Verilog HDL error at random.sv(14): digit 'f' is larger than base in 15f File: Z:/project/src/RTL/KEYBOARDX/random.sv Line: 14
Error (12152): Can't elaborate user hierarchy "random:inst17"
Info (144001): Generated suppressed messages file Z:/project/src/output_files/Lab1Demo.map.smsg
Error: Quartus Prime Analysis & Elaboration was unsuccessful. 2 errors, 28 warnings
    Error: Peak virtual memory: 4856 megabytes
    Error: Processing ended: Mon Aug 21 12:26:37 2023
    Error: Elapsed time: 00:00:17
    Error: Total CPU time (on all processors): 00:00:27


+--------------------------------------------+
; Analysis & Elaboration Suppressed Messages ;
+--------------------------------------------+
The suppressed messages can be found in Z:/project/src/output_files/Lab1Demo.map.smsg.


